<?xml version="1.0" encoding="UTF-8"?>
<testng-results skipped="0" failed="0" total="1" passed="1">
  <reporter-output>
  </reporter-output>
  <suite name="Default suite" duration-ms="52737" started-at="2017-08-04T16:05:20Z" finished-at="2017-08-04T16:06:12Z">
    <groups>
    </groups>
    <test name="Default test" duration-ms="52737" started-at="2017-08-04T16:05:20Z" finished-at="2017-08-04T16:06:12Z">
      <class name="com.scripts.LoginScenarios">
        <test-method status="PASS" signature="setUp()[pri:0, instance:com.scripts.LoginScenarios@ae45eb6]" name="setUp" is-config="true" duration-ms="27631" started-at="2017-08-04T21:35:20Z" finished-at="2017-08-04T21:35:47Z">
          <reporter-output>
          </reporter-output>
        </test-method> <!-- setUp -->
        <test-method status="PASS" signature="verifySuccessfulllogin()[pri:0, instance:com.scripts.LoginScenarios@ae45eb6]" name="verifySuccessfulllogin" duration-ms="23914" started-at="2017-08-04T21:35:47Z" finished-at="2017-08-04T21:36:11Z">
          <reporter-output>
          </reporter-output>
        </test-method> <!-- verifySuccessfulllogin -->
        <test-method status="PASS" signature="tearDown()[pri:0, instance:com.scripts.LoginScenarios@ae45eb6]" name="tearDown" is-config="true" duration-ms="1148" started-at="2017-08-04T21:36:11Z" finished-at="2017-08-04T21:36:12Z">
          <reporter-output>
          </reporter-output>
        </test-method> <!-- tearDown -->
      </class> <!-- com.scripts.LoginScenarios -->
    </test> <!-- Default test -->
  </suite> <!-- Default suite -->
</testng-results>
